Line 34: Class MSAdodcLib.Adodc of control Adodc1 was not a loaded control class.
Line 39: The property name _ExtentX in Adodc1 is invalid.
Line 40: The property name _ExtentY in Adodc1 is invalid.
Line 41: The property name ConnectMode in Adodc1 is invalid.
Line 42: The property name CursorLocation in Adodc1 is invalid.
Line 43: The property name IsolationLevel in Adodc1 is invalid.
Line 44: The property name ConnectionTimeout in Adodc1 is invalid.
Line 45: The property name CommandTimeout in Adodc1 is invalid.
Line 46: The property name CursorType in Adodc1 is invalid.
Line 47: The property name LockType in Adodc1 is invalid.
Line 48: The property name CommandType in Adodc1 is invalid.
Line 49: The property name CursorOptions in Adodc1 is invalid.
Line 50: The property name CacheSize in Adodc1 is invalid.
Line 51: The property name MaxRecords in Adodc1 is invalid.
Line 52: The property name BOFAction in Adodc1 is invalid.
Line 53: The property name EOFAction in Adodc1 is invalid.
Line 54: The property name ConnectStringType in Adodc1 is invalid.
Line 58: The property name Orientation in Adodc1 is invalid.
Line 60: The property name Connect in Adodc1 is invalid.
Line 61: The property name OLEDBString in Adodc1 is invalid.
Line 62: The property name OLEDBFile in Adodc1 is invalid.
Line 63: The property name DataSourceName in Adodc1 is invalid.
Line 64: The property name OtherAttributes in Adodc1 is invalid.
Line 65: The property name UserName in Adodc1 is invalid.
Line 66: The property name Password in Adodc1 is invalid.
Line 67: The property name RecordSource in Adodc1 is invalid.
Line 68: The property name Caption in Adodc1 is invalid.
Line 78: The property name _Version in Adodc1 is invalid.
